# JRE version: OpenJDK Runtime Environment Microsoft-11369865 (17.0.15+6) (build 17.0.15+6-LTS)
# Java VM: OpenJDK 64-Bit Server VM Microsoft-11369865 (17.0.15+6-LTS, mixed mode, emulated-client, sharing, tiered, compressed oops, compressed class ptrs, g1 gc, windows-amd64)
GC Precious Log:
 CPUs: 16 total, 16 available
 Memory: 15556M
 Large Page Support: Disabled
 NUMA Support: Disabled
 Compressed Oops: Enabled (Zero based)
 Heap Region Size: 2M
 Heap Min Capacity: 8M
 Heap Initial Capacity: 244M
 Heap Max Capacity: 3890M
 Pre-touch: Disabled
 Parallel Workers: 13
 Concurrent Workers: 3
 Concurrent Refinement Workers: 13
 Periodic GC: Disabled
Heap:
 garbage-first heap   total 249856K, used 92542K [0x000000070ce00000, 0x0000000800000000)
  region size 2048K, 1 young (2048K), 1 survivors (2048K)
 Metaspace       used 72380K, committed 72896K, reserved 1114112K
  class space    used 9663K, committed 9920K, reserved 1048576K
GC Heap History (20 events):
Event: 7.731 GC heap after
{Heap after GC invocations=23 (full 0):
 garbage-first heap   total 131072K, used 55756K [0x000000070ce00000, 0x0000000800000000)
  region size 2048K, 3 young (6144K), 3 survivors (6144K)
 Metaspace       used 71208K, committed 71744K, reserved 1114112K
  class space    used 9522K, committed 9792K, reserved 1048576K
}
Event: 7.992 GC heap before
{Heap before GC invocations=23 (full 0):
 garbage-first heap   total 131072K, used 102860K [0x000000070ce00000, 0x0000000800000000)
  region size 2048K, 27 young (55296K), 3 survivors (6144K)
 Metaspace       used 72274K, committed 72832K, reserved 1114112K
  class space    used 9647K, committed 9920K, reserved 1048576K
}
Event: 7.997 GC heap after
{Heap after GC invocations=24 (full 0):
 garbage-first heap   total 131072K, used 64258K [0x000000070ce00000, 0x0000000800000000)
  region size 2048K, 4 young (8192K), 4 survivors (8192K)
 Metaspace       used 72274K, committed 72832K, reserved 1114112K
  class space    used 9647K, committed 9920K, reserved 1048576K
}
Event: 8.059 GC heap before
{Heap before GC invocations=24 (full 0):
 garbage-first heap   total 131072K, used 101122K [0x000000070ce00000, 0x0000000800000000)
  region size 2048K, 23 young (47104K), 4 survivors (8192K)
 Metaspace       used 72287K, committed 72832K, reserved 1114112K
  class space    used 9649K, committed 9920K, reserved 1048576K
}
Event: 8.063 GC heap after
{Heap after GC invocations=25 (full 0):
 garbage-first heap   total 131072K, used 72775K [0x000000070ce00000, 0x0000000800000000)
  region size 2048K, 3 young (6144K), 3 survivors (6144K)
 Metaspace       used 72287K, committed 72832K, reserved 1114112K
  class space    used 9649K, committed 9920K, reserved 1048576K
}
Event: 8.187 GC heap before
{Heap before GC invocations=25 (full 0):
 garbage-first heap   total 131072K, used 99399K [0x000000070ce00000, 0x0000000800000000)
  region size 2048K, 17 young (34816K), 3 survivors (6144K)
 Metaspace       used 72364K, committed 72896K, reserved 1114112K
  class space    used 9659K, committed 9920K, reserved 1048576K
}
Event: 8.191 GC heap after
{Heap after GC invocations=26 (full 0):
 garbage-first heap   total 167936K, used 82900K [0x000000070ce00000, 0x0000000800000000)
  region size 2048K, 3 young (6144K), 3 survivors (6144K)
 Metaspace       used 72364K, committed 72896K, reserved 1114112K
  class space    used 9659K, committed 9920K, reserved 1048576K
}
Event: 8.295 GC heap before
{Heap before GC invocations=27 (full 0):
 garbage-first heap   total 167936K, used 119764K [0x000000070ce00000, 0x0000000800000000)
  region size 2048K, 22 young (45056K), 3 survivors (6144K)
 Metaspace       used 72364K, committed 72896K, reserved 1114112K
  class space    used 9659K, committed 9920K, reserved 1048576K
}
Event: 8.299 GC heap after
{Heap after GC invocations=28 (full 0):
 garbage-first heap   total 167936K, used 91698K [0x000000070ce00000, 0x0000000800000000)
  region size 2048K, 3 young (6144K), 3 survivors (6144K)
 Metaspace       used 72364K, committed 72896K, reserved 1114112K
  class space    used 9659K, committed 9920K, reserved 1048576K
}
Event: 8.346 GC heap before
{Heap before GC invocations=28 (full 0):
 garbage-first heap   total 167936K, used 122418K [0x000000070ce00000, 0x0000000800000000)
  region size 2048K, 19 young (38912K), 3 survivors (6144K)
 Metaspace       used 72364K, committed 72896K, reserved 1114112K
  class space    used 9659K, committed 9920K, reserved 1048576K
}
Event: 8.349 GC heap after
{Heap after GC invocations=29 (full 0):
 garbage-first heap   total 167936K, used 99984K [0x000000070ce00000, 0x0000000800000000)
  region size 2048K, 3 young (6144K), 3 survivors (6144K)
 Metaspace       used 72364K, committed 72896K, reserved 1114112K
  class space    used 9659K, committed 9920K, reserved 1048576K
}
Event: 8.477 GC heap before
{Heap before GC invocations=30 (full 0):
 garbage-first heap   total 198656K, used 126608K [0x000000070ce00000, 0x0000000800000000)
  region size 2048K, 17 young (34816K), 3 survivors (6144K)
 Metaspace       used 72371K, committed 72896K, reserved 1114112K
  class space    used 9661K, committed 9920K, reserved 1048576K
}
Event: 8.482 GC heap after
{Heap after GC invocations=31 (full 0):
 garbage-first heap   total 198656K, used 109571K [0x000000070ce00000, 0x0000000800000000)
  region size 2048K, 3 young (6144K), 3 survivors (6144K)
 Metaspace       used 72371K, committed 72896K, reserved 1114112K
  class space    used 9661K, committed 9920K, reserved 1048576K
}
Event: 8.484 GC heap before
{Heap before GC invocations=31 (full 0):
 garbage-first heap   total 198656K, used 111619K [0x000000070ce00000, 0x0000000800000000)
  region size 2048K, 4 young (8192K), 3 survivors (6144K)
 Metaspace       used 72371K, committed 72896K, reserved 1114112K
  class space    used 9661K, committed 9920K, reserved 1048576K
}
Event: 8.486 GC heap after
{Heap after GC invocations=32 (full 0):
 garbage-first heap   total 198656K, used 92581K [0x000000070ce00000, 0x0000000800000000)
  region size 2048K, 1 young (2048K), 1 survivors (2048K)
 Metaspace       used 72371K, committed 72896K, reserved 1114112K
  class space    used 9661K, committed 9920K, reserved 1048576K
}
Event: 8.590 GC heap before
{Heap before GC invocations=32 (full 0):
 garbage-first heap   total 198656K, used 137637K [0x000000070ce00000, 0x0000000800000000)
  region size 2048K, 24 young (49152K), 1 survivors (2048K)
 Metaspace       used 72372K, committed 72896K, reserved 1114112K
  class space    used 9661K, committed 9920K, reserved 1048576K
}
Event: 8.593 GC heap after
{Heap after GC invocations=33 (full 0):
 garbage-first heap   total 198656K, used 103936K [0x000000070ce00000, 0x0000000800000000)
  region size 2048K, 3 young (6144K), 3 survivors (6144K)
 Metaspace       used 72372K, committed 72896K, reserved 1114112K
  class space    used 9661K, committed 9920K, reserved 1048576K
}
Event: 8.704 GC heap before
{Heap before GC invocations=34 (full 0):
 garbage-first heap   total 198656K, used 138752K [0x000000070ce00000, 0x0000000800000000)
  region size 2048K, 23 young (47104K), 3 survivors (6144K)
 Metaspace       used 72380K, committed 72896K, reserved 1114112K
  class space    used 9663K, committed 9920K, reserved 1048576K
}
Event: 8.708 GC heap after
{Heap after GC invocations=35 (full 0):
 garbage-first heap   total 198656K, used 109626K [0x000000070ce00000, 0x0000000800000000)
  region size 2048K, 3 young (6144K), 3 survivors (6144K)
 Metaspace       used 72380K, committed 72896K, reserved 1114112K
  class space    used 9663K, committed 9920K, reserved 1048576K
}
Event: 8.740 GC heap before
{Heap before GC invocations=35 (full 0):
 garbage-first heap   total 198656K, used 111674K [0x000000070ce00000, 0x0000000800000000)
  region size 2048K, 4 young (8192K), 3 survivors (6144K)
 Metaspace       used 72380K, committed 72896K, reserved 1114112K
  class space    used 9663K, committed 9920K, reserved 1048576K
}

